[04:52:34] [ServerMain/INFO]: Environment: Environment[sessionHost=https://sessionserver.mojang.com, servicesHost=https://api.minecraftservices.com, name=PROD]
[04:52:37] [ServerMain/INFO]: Loaded 1290 recipes
[04:52:37] [ServerMain/INFO]: Loaded 1399 advancements
[04:52:38] [Server thread/INFO]: Starting minecraft server version 1.21
[04:52:38] [Server thread/INFO]: Loading properties
[04:52:38] [Server thread/INFO]: Default game type: SURVIVAL
[04:52:38] [Server thread/INFO]: Generating keypair
[04:52:38] [Server thread/INFO]: Starting Minecraft server on *:25565
[04:52:38] [Server thread/INFO]: Using epoll channel type
[04:52:38] [Server thread/WARN]: **** SERVER IS RUNNING IN OFFLINE/INSECURE MODE!
[04:52:38] [Server thread/WARN]: The server will make no attempt to authenticate usernames. Beware.
[04:52:38] [Server thread/WARN]: While this makes the game possible to play without internet access, it also opens up the ability for hackers to connect with any username they choose.
[04:52:38] [Server thread/WARN]: To change this, set "online-mode" to "true" in the server.properties file.
[04:52:38] [Server thread/INFO]: Preparing level "world"
[04:52:43] [Server thread/INFO]: Preparing start region for dimension minecraft:overworld
[04:52:43] [Worker-Main-2/INFO]: Preparing spawn area: 0%
[04:52:44] [Worker-Main-1/INFO]: Preparing spawn area: 14%
[04:52:44] [Server thread/INFO]: Time elapsed: 870 ms
[04:52:44] [Server thread/INFO]: Done (5.802s)! For help, type "help"
[04:52:49] [Server thread/INFO]: risaygeo[/127.198.129.163:60185] logged in with entity id 1 at (950.3501033974937, 69.0, 117.45844214638518)
[04:52:49] [Server thread/INFO]: risaygeo joined the game
[04:56:29] [Server thread/INFO]: risaygeo has made the advancement [Take Aim]
